#-----------------------------------------------------------
# Vivado v2024.2 (64-bit)
# SW Build 5239630 on Fri Nov 08 22:35:27 MST 2024
# IP Build 5239520 on Sun Nov 10 16:12:51 MST 2024
# SharedData Build 5239561 on Fri Nov 08 14:39:27 MST 2024
# Start of session at: Tue Jan 27 10:19:35 2026
# Process ID         : 41396
# Current directory  : C:/Users/Engg-User/AppData/Roaming/Xilinx/Vivado
# Command line       : vivado.exe -gui_launcher_event rodinguilauncherevent57720
# Log file           : C:/Users/Engg-User/AppData/Roaming/Xilinx/Vivado/vivado.log
# Journal file       : C:/Users/Engg-User/AppData/Roaming/Xilinx/Vivado\vivado.jou
# Running On         : LT-735460
# Platform           : Windows Server 2016 or Windows 10
# Operating System   : 26100
# Processor Detail   : 11th Gen Intel(R) Core(TM) i7-11850H @ 2.50GHz
# CPU Frequency      : 2496 MHz
# CPU Physical cores : 8
# CPU Logical cores  : 16
# Host memory        : 34070 MB
# Swap memory        : 3087 MB
# Total Virtual      : 37157 MB
# Available Virtual  : 16539 MB
#-----------------------------------------------------------
start_gui
open_project C:/Users/Engg-User/Desktop/ece315_lab1.xpr/ece315_lab1/ece315_lab1.xpr
Scanning sources...
Finished scanning sources
INFO: [IP_Flow 19-234] Refreshing IP repositories
INFO: [IP_Flow 19-1704] No user IP repositories specified
INFO: [IP_Flow 19-2313] Loaded Vivado IP repository 'C:/Xilinx/Vivado/2024.2/data/ip'.
INFO: [Project 1-5579] Found utility IPs instantiated in one or more block designs which have equivalent inline hdl with improved performance and reduced diskspace. It is recommended to migrate these utility IPs to inline hdl using the command upgrade_project -migrate_to_inline_hdl. The utility IPs may be deprecated in future releases. More information on inline hdl is available in UG994.
open_project: Time (s): cpu = 00:00:10 ; elapsed = 00:00:06 . Memory (MB): peak = 1178.832 ; gain = 98.660
open_bd_design {C:/Users/Engg-User/Desktop/ece315_lab1.xpr/ece315_lab1/ece315_lab1.srcs/sources_1/bd/lab1_hw/lab1_hw.bd}
Reading block design file <C:/Users/Engg-User/Desktop/ece315_lab1.xpr/ece315_lab1/ece315_lab1.srcs/sources_1/bd/lab1_hw/lab1_hw.bd>...
Adding component instance block -- xilinx.com:ip:processing_system7:5.5 - processing_system7_0
Adding component instance block -- xilinx.com:ip:axi_gpio:2.0 - gpio_leds
Adding component instance block -- xilinx.com:ip:axi_gpio:2.0 - gpio_inputs
Adding component instance block -- xilinx.com:ip:smartconnect:1.0 - axi_smc
Adding component instance block -- xilinx.com:ip:proc_sys_reset:5.0 - rst_ps7_0_50M
Adding component instance block -- xilinx.com:ip:axi_gpio:2.0 - gpio_ssd
Adding component instance block -- xilinx.com:ip:axi_gpio:2.0 - gpio_kypd
Successfully read diagram <lab1_hw> from block design file <C:/Users/Engg-User/Desktop/ece315_lab1.xpr/ece315_lab1/ece315_lab1.srcs/sources_1/bd/lab1_hw/lab1_hw.bd>
update_compile_order -fileset sources_1
INFO: [Vivado 12-8231] Launching Vitis
INFO: [Vivado 12-417] Running vitis
INFO: [Vivado 12-8232] Vitis launch initiated. Please check console for any further messages.
archive_project C:/Users/Engg-User/Desktop/ece315_2026/Lab1/ece315_lab1_hw.xpr.zip -temp_dir C:/Users/Engg-User/AppData/Roaming/Xilinx/Vivado/.Xil/Vivado-41396-LT-735460 -force -exclude_run_results -include_local_ip_cache
INFO: [Coretcl 2-137] starting archive...
INFO: [Coretcl 2-1499] Saving project copy to temporary location 'C:/Users/Engg-User/AppData/Roaming/Xilinx/Vivado/.Xil/Vivado-41396-LT-735460' for archiving project
Scanning sources...
Finished scanning sources
INFO: [IP_Flow 19-234] Refreshing IP repositories
INFO: [IP_Flow 19-1704] No user IP repositories specified
INFO: [IP_Flow 19-2313] Loaded Vivado IP repository 'C:/Xilinx/Vivado/2024.2/data/ip'.
INFO: [Project 1-5579] Found utility IPs instantiated in one or more block designs which have equivalent inline hdl with improved performance and reduced diskspace. It is recommended to migrate these utility IPs to inline hdl using the command upgrade_project -migrate_to_inline_hdl. The utility IPs may be deprecated in future releases. More information on inline hdl is available in UG994.
INFO: [Coretcl 2-1211] Creating project copy for archival...
INFO: [ProjectBase 1-495] The host OS only allows 260 characters in a normal path. The project is stored in a path with more than 80 characters. If you experience any problem with archiving the project, please consider setting environment variable $TEMP to a shorter path.
Current project path is 'C:/Users/Engg-User/AppData/Roaming/Xilinx/Vivado/.Xil/Vivado-41396-LT-735460/PrjAr/_X_'.
WARNING: [IP_Flow 19-4995] The host OS only allows 260 characters in a normal path. The IP cache path is more than 80 characters. If you experience issues with IP caching, please consider changing the IP cache to a location with a shorter path. Alternately consider using the OS subst command to map part of the path to a drive letter. 
Current IP cache path is C:/Users/Engg-User/AppData/Roaming/Xilinx/Vivado/.Xil/Vivado-41396-LT-735460/PrjAr/_X_/ece315_lab1.cache/ip 
INFO: [Coretcl 2-135] resetting runs for excluding generated files from archive...
WARNING: [Coretcl 2-105] Run 'synth_1' is currently active
INFO: [Coretcl 2-133] resetting run 'synth_1'...
INFO: [Project 1-1161] Replacing file C:/Users/Engg-User/AppData/Roaming/Xilinx/Vivado/.Xil/Vivado-41396-LT-735460/PrjAr/_X_/ece315_lab1.srcs/utils_1/imports/synth_1/lab1_hw_wrapper.dcp with file C:/Users/Engg-User/AppData/Roaming/Xilinx/Vivado/.Xil/Vivado-41396-LT-735460/PrjAr/_X_/ece315_lab1.runs/synth_1/lab1_hw_wrapper.dcp
WARNING: [Coretcl 2-105] Run 'lab1_hw_processing_system7_0_0_synth_1' is currently active
INFO: [Coretcl 2-133] resetting run 'lab1_hw_processing_system7_0_0_synth_1'...
INFO: [Coretcl 2-133] resetting run 'impl_1'...
INFO: [Coretcl 2-133] resetting run 'lab1_hw_processing_system7_0_0_impl_1'...
INFO: [Coretcl 2-1212] Importing remotely added design sources and verilog include files (if any)...
INFO: [filemgmt 20-334] All file(s) are already imported in fileset: 'lab1_hw_processing_system7_0_0'
INFO: [filemgmt 20-348] Importing the appropriate files for fileset: 'lab1_hw_processing_system7_0_0'
INFO: [filemgmt 20-334] All file(s) are already imported in fileset: 'constrs_1'
INFO: [filemgmt 20-348] Importing the appropriate files for fileset: 'constrs_1'
INFO: [filemgmt 20-348] Importing the appropriate files for fileset: 'sources_1'
INFO: [filemgmt 20-334] All file(s) are already imported in fileset: 'utils_1'
INFO: [filemgmt 20-348] Importing the appropriate files for fileset: 'utils_1'
