Copyright 1986-2022 Xilinx, Inc. All Rights Reserved. Copyright 2022-2024 Advanced Micro Devices, Inc. All Rights Reserved.
-----------------------------------------------------------------------------------------------------------------------------------------------------------------------------------
| Tool Version : Vivado v.2024.2 (win64) Build 5239630 Fri Nov 08 22:35:27 MST 2024
| Date         : Tue Feb  3 14:11:17 2026
| Host         : e5-001-w11 running 64-bit major release  (build 9200)
| Command      : report_methodology -file lab1_hw_wrapper_methodology_drc_routed.rpt -pb lab1_hw_wrapper_methodology_drc_routed.pb -rpx lab1_hw_wrapper_methodology_drc_routed.rpx
| Design       : lab1_hw_wrapper
| Device       : xc7z010clg400-1
| Speed File   : -1
| Design State : Fully Routed
-----------------------------------------------------------------------------------------------------------------------------------------------------------------------------------

Report Methodology

Table of Contents
-----------------
1. REPORT SUMMARY
2. REPORT DETAILS

1. REPORT SUMMARY
-----------------
            Netlist: netlist
          Floorplan: design_1
      Design limits: <entire design considered>
             Max checks: <unlimited>
             Checks found: 39
+-----------+----------+-------------------------------+--------+
| Rule      | Severity | Description                   | Checks |
+-----------+----------+-------------------------------+--------+
| TIMING-18 | Warning  | Missing input or output delay | 39     |
+-----------+----------+-------------------------------+--------+

2. REPORT DETAILS
-----------------
TIMING-18#1 Warning
Missing input or output delay  
An input delay is missing on buttons_tri_i[0] relative to the rising and/or falling clock edge(s) of clk_fpga_0.
Related violations: <none>

TIMING-18#2 Warning
Missing input or output delay  
An input delay is missing on buttons_tri_i[1] relative to the rising and/or falling clock edge(s) of clk_fpga_0.
Related violations: <none>

TIMING-18#3 Warning
Missing input or output delay  
An input delay is missing on buttons_tri_i[2] relative to the rising and/or falling clock edge(s) of clk_fpga_0.
Related violations: <none>

TIMING-18#4 Warning
Missing input or output delay  
An input delay is missing on buttons_tri_i[3] relative to the rising and/or falling clock edge(s) of clk_fpga_0.
Related violations: <none>

TIMING-18#5 Warning
Missing input or output delay  
An input delay is missing on keypad_tri_io[0] relative to the rising and/or falling clock edge(s) of clk_fpga_0.
Related violations: <none>

TIMING-18#6 Warning
Missing input or output delay  
An input delay is missing on keypad_tri_io[1] relative to the rising and/or falling clock edge(s) of clk_fpga_0.
Related violations: <none>

TIMING-18#7 Warning
Missing input or output delay  
An input delay is missing on keypad_tri_io[2] relative to the rising and/or falling clock edge(s) of clk_fpga_0.
Related violations: <none>

TIMING-18#8 Warning
Missing input or output delay  
An input delay is missing on keypad_tri_io[3] relative to the rising and/or falling clock edge(s) of clk_fpga_0.
Related violations: <none>

TIMING-18#9 Warning
Missing input or output delay  
An input delay is missing on keypad_tri_io[4] relative to the rising and/or falling clock edge(s) of clk_fpga_0.
Related violations: <none>

TIMING-18#10 Warning
Missing input or output delay  
An input delay is missing on keypad_tri_io[5] relative to the rising and/or falling clock edge(s) of clk_fpga_0.
Related violations: <none>

TIMING-18#11 Warning
Missing input or output delay  
An input delay is missing on keypad_tri_io[6] relative to the rising and/or falling clock edge(s) of clk_fpga_0.
Related violations: <none>

TIMING-18#12 Warning
Missing input or output delay  
An input delay is missing on keypad_tri_io[7] relative to the rising and/or falling clock edge(s) of clk_fpga_0.
Related violations: <none>

TIMING-18#13 Warning
Missing input or output delay  
An input delay is missing on switches_tri_i[0] relative to the rising and/or falling clock edge(s) of clk_fpga_0.
Related violations: <none>

TIMING-18#14 Warning
Missing input or output delay  
An input delay is missing on switches_tri_i[1] relative to the rising and/or falling clock edge(s) of clk_fpga_0.
Related violations: <none>

TIMING-18#15 Warning
Missing input or output delay  
An input delay is missing on switches_tri_i[2] relative to the rising and/or falling clock edge(s) of clk_fpga_0.
Related violations: <none>

TIMING-18#16 Warning
Missing input or output delay  
An input delay is missing on switches_tri_i[3] relative to the rising and/or falling clock edge(s) of clk_fpga_0.
Related violations: <none>

TIMING-18#17 Warning
Missing input or output delay  
An output delay is missing on digit_tri_o[0] relative to the rising and/or falling clock edge(s) of clk_fpga_0.
Related violations: <none>

TIMING-18#18 Warning
Missing input or output delay  
An output delay is missing on digit_tri_o[1] relative to the rising and/or falling clock edge(s) of clk_fpga_0.
Related violations: <none>

TIMING-18#19 Warning
Missing input or output delay  
An output delay is missing on digit_tri_o[2] relative to the rising and/or falling clock edge(s) of clk_fpga_0.
Related violations: <none>

TIMING-18#20 Warning
Missing input or output delay  
An output delay is missing on digit_tri_o[3] relative to the rising and/or falling clock edge(s) of clk_fpga_0.
Related violations: <none>

TIMING-18#21 Warning
Missing input or output delay  
An output delay is missing on digit_tri_o[4] relative to the rising and/or falling clock edge(s) of clk_fpga_0.
Related violations: <none>

TIMING-18#22 Warning
Missing input or output delay  
An output delay is missing on digit_tri_o[5] relative to the rising and/or falling clock edge(s) of clk_fpga_0.
Related violations: <none>

TIMING-18#23 Warning
Missing input or output delay  
An output delay is missing on digit_tri_o[6] relative to the rising and/or falling clock edge(s) of clk_fpga_0.
Related violations: <none>

TIMING-18#24 Warning
Missing input or output delay  
An output delay is missing on digit_tri_o[7] relative to the rising and/or falling clock edge(s) of clk_fpga_0.
Related violations: <none>

TIMING-18#25 Warning
Missing input or output delay  
An output delay is missing on green_leds_tri_o[0] relative to the rising and/or falling clock edge(s) of clk_fpga_0.
Related violations: <none>

TIMING-18#26 Warning
Missing input or output delay  
An output delay is missing on green_leds_tri_o[1] relative to the rising and/or falling clock edge(s) of clk_fpga_0.
Related violations: <none>

TIMING-18#27 Warning
Missing input or output delay  
An output delay is missing on green_leds_tri_o[2] relative to the rising and/or falling clock edge(s) of clk_fpga_0.
Related violations: <none>

TIMING-18#28 Warning
Missing input or output delay  
An output delay is missing on green_leds_tri_o[3] relative to the rising and/or falling clock edge(s) of clk_fpga_0.
Related violations: <none>

TIMING-18#29 Warning
Missing input or output delay  
An output delay is missing on keypad_tri_io[0] relative to the rising and/or falling clock edge(s) of clk_fpga_0.
Related violations: <none>

TIMING-18#30 Warning
Missing input or output delay  
An output delay is missing on keypad_tri_io[1] relative to the rising and/or falling clock edge(s) of clk_fpga_0.
Related violations: <none>

TIMING-18#31 Warning
Missing input or output delay  
An output delay is missing on keypad_tri_io[2] relative to the rising and/or falling clock edge(s) of clk_fpga_0.
Related violations: <none>

TIMING-18#32 Warning
Missing input or output delay  
An output delay is missing on keypad_tri_io[3] relative to the rising and/or falling clock edge(s) of clk_fpga_0.
Related violations: <none>

TIMING-18#33 Warning
Missing input or output delay  
An output delay is missing on keypad_tri_io[4] relative to the rising and/or falling clock edge(s) of clk_fpga_0.
Related violations: <none>

TIMING-18#34 Warning
Missing input or output delay  
An output delay is missing on keypad_tri_io[5] relative to the rising and/or falling clock edge(s) of clk_fpga_0.
Related violations: <none>

TIMING-18#35 Warning
Missing input or output delay  
An output delay is missing on keypad_tri_io[6] relative to the rising and/or falling clock edge(s) of clk_fpga_0.
Related violations: <none>

TIMING-18#36 Warning
Missing input or output delay  
An output delay is missing on keypad_tri_io[7] relative to the rising and/or falling clock edge(s) of clk_fpga_0.
Related violations: <none>

TIMING-18#37 Warning
Missing input or output delay  
An output delay is missing on rgb_led_tri_o[0] relative to the rising and/or falling clock edge(s) of clk_fpga_0.
Related violations: <none>

TIMING-18#38 Warning
Missing input or output delay  
An output delay is missing on rgb_led_tri_o[1] relative to the rising and/or falling clock edge(s) of clk_fpga_0.
Related violations: <none>

TIMING-18#39 Warning
Missing input or output delay  
An output delay is missing on rgb_led_tri_o[2] relative to the rising and/or falling clock edge(s) of clk_fpga_0.
Related violations: <none>


